<?xml version="1.0" encoding="UTF-8"?>
<testsuite xmlns:xsi="http://www.w3.org/2001/XMLSchema-instance" xsi:noNamespaceSchemaLocation="https://maven.apache.org/surefire/maven-surefire-plugin/xsd/surefire-test-report-3.0.xsd" version="3.0" name="com.unity.cache.node.NodeManagerTest" time="2.064" tests="26" errors="0" skipped="0" failures="0">
  <properties>
[...]
</properties>
  <testcase name="testNodeDelete_given_deleteOneNode_0Replica_happyCase_noException" classname="com.unity.cache.node.NodeManagerTest" time="0.018"/>
  <testcase name="testGetNode_given_deleteNotExistingNode_getIllegalArgumentException" classname="com.unity.cache.node.NodeManagerTest" time="0.012"/>
  <testcase name="testGetNode_given_nullKey_getIllegalArgumentException" classname="com.unity.cache.node.NodeManagerTest" time="0.018"/>
  <testcase name="testNodeDelete_given_deleteOneNode_0Replica_bigAmountKeys_noException" classname="com.unity.cache.node.NodeManagerTest" time="0.283"/>
  <testcase name="testGetNode_given_deleteTheLastNode_getIllegalArgumentException" classname="com.unity.cache.node.NodeManagerTest" time="0.006"/>
  <testcase name="testNodeAdd_given_addOneNode_multipleReplica_bigAmountKeys_dispatchEvenly(int)[1]" classname="com.unity.cache.node.NodeManagerTest" time="0.059"/>
  <testcase name="testNodeAdd_given_addOneNode_multipleReplica_bigAmountKeys_dispatchEvenly(int)[2]" classname="com.unity.cache.node.NodeManagerTest" time="0.045"/>
  <testcase name="testNodeAdd_given_addOneNode_multipleReplica_bigAmountKeys_dispatchEvenly(int)[3]" classname="com.unity.cache.node.NodeManagerTest" time="0.046"/>
  <testcase name="testGetNode_given_3nodes_multipleReplica_happyCase_sameWith0Replica(int)[1]" classname="com.unity.cache.node.NodeManagerTest" time="0.019"/>
  <testcase name="testGetNode_given_3nodes_multipleReplica_happyCase_sameWith0Replica(int)[2]" classname="com.unity.cache.node.NodeManagerTest" time="0.016"/>
  <testcase name="testGetNode_given_3nodes_multipleReplica_happyCase_sameWith0Replica(int)[3]" classname="com.unity.cache.node.NodeManagerTest" time="0.016"/>
  <testcase name="testGetNode_given_nullNode_getIllegalArgumentException" classname="com.unity.cache.node.NodeManagerTest" time="0.001"/>
  <testcase name="testGetNode_given_0node_getIllegalArgumentException" classname="com.unity.cache.node.NodeManagerTest" time="0"/>
  <testcase name="testGetNode_given_addExistingNodeId_getIllegalArgumentException" classname="com.unity.cache.node.NodeManagerTest" time="0.006"/>
  <testcase name="testGetNode_given_3nodes_multipleReplica_bigAmountKeys_dispatchEvenly(int)[1]" classname="com.unity.cache.node.NodeManagerTest" time="0.041"/>
  <testcase name="testGetNode_given_3nodes_multipleReplica_bigAmountKeys_dispatchEvenly(int)[2]" classname="com.unity.cache.node.NodeManagerTest" time="0.039"/>
  <testcase name="testGetNode_given_3nodes_multipleReplica_bigAmountKeys_dispatchEvenly(int)[3]" classname="com.unity.cache.node.NodeManagerTest" time="0.04"/>
  <testcase name="testNodeAdd_given_addOneNode_0Replica_happyCase_noException" classname="com.unity.cache.node.NodeManagerTest" time="0.023"/>
  <testcase name="testNodeAdd_given_addOneNode_0Replica_bigAmountKeys_dispatchEvenly" classname="com.unity.cache.node.NodeManagerTest" time="0.261"/>
  <testcase name="testNodeDelete_given_deleteOneNode_multipleReplica_bigAmountKeys_noException(int)[1]" classname="com.unity.cache.node.NodeManagerTest" time="0.274"/>
  <testcase name="testNodeDelete_given_deleteOneNode_multipleReplica_bigAmountKeys_noException(int)[2]" classname="com.unity.cache.node.NodeManagerTest" time="0.261"/>
  <testcase name="testNodeDelete_given_deleteOneNode_multipleReplica_bigAmountKeys_noException(int)[3]" classname="com.unity.cache.node.NodeManagerTest" time="0.262"/>
  <testcase name="testGetNode_given_negativeReplica_getIllegalArgumentException" classname="com.unity.cache.node.NodeManagerTest" time="0.008"/>
  <testcase name="testGetNode_given_3nodes_0Replica_bigAmountKeys_dispatchEvenly" classname="com.unity.cache.node.NodeManagerTest" time="0.263"/>
  <testcase name="testGetNode_given_deleteNullNode_getIllegalArgumentException" classname="com.unity.cache.node.NodeManagerTest" time="0"/>
  <testcase name="testGetNode_given_3nodes_0Replica_happyCase_noException" classname="com.unity.cache.node.NodeManagerTest" time="0.015"/>
</testsuite>